  autofit.c
  ftbase.c
  ftbbox.c
  ftbdf.c
  ftbitmap.c
  ftcid.c
  ftfstype.c
  ftgasp.c
  ftglyph.c
  ftgxval.c
  ftinit.c
  ftmm.c
  ftotval.c
  ftpatent.c
  ftpfr.c
  ftstroke.c
  ftsynth.c
  ftsystem.c
  fttype1.c
  ftwinfnt.c
  bdf.c
  ftcache.c
  cff.c
  type1cid.c
  ftgzip.c
  ftlzw.c
  pcf.c
  pfr.c
  psaux.c
  pshinter.c
  psmodule.c
  raster.c
  sfnt.c
  smooth.c
  truetype.c
  type1.c
  type42.c
f:\imgui-1.68\freetype-2.9.1\src\truetype\ttgxvar.c(2136): warning C4701: использована потенциально неинициализированная локальная переменная "fvar_head"
  winfnt.c
  ftdebug.c
  freetype.vcxproj -> F:\imgui-1.68\freetype-2.9.1\builds\windows\vc2010\..\..\..\objs\Win32\Release Static\freetype.lib
